{"level":"\u001b[32minfo\u001b[39m","message":"{\"method\":\"GET\",\"url\":\"/api/v1/donations/\",\"status\":\"500\",\"responseTime\":\"17.939\"}","timestamp":"2025-02-06T06:26:19.098Z"}
{"level":"\u001b[32minfo\u001b[39m","message":"{\"method\":\"GET\",\"url\":\"/api/v1/requests/\",\"status\":\"500\",\"responseTime\":\"2.459\"}","timestamp":"2025-02-06T06:26:19.104Z"}
{"level":"\u001b[32minfo\u001b[39m","message":"{\"method\":\"GET\",\"url\":\"/api/v1/requests/\",\"status\":\"500\",\"responseTime\":\"2.202\"}","timestamp":"2025-02-06T06:26:19.108Z"}
{"level":"\u001b[32minfo\u001b[39m","message":"{\"method\":\"GET\",\"url\":\"/api/v1/donations/\",\"status\":\"500\",\"responseTime\":\"5.633\"}","timestamp":"2025-02-06T06:26:21.020Z"}
{"level":"\u001b[32minfo\u001b[39m","message":"{\"method\":\"POST\",\"url\":\"/api/v1/auth/social-login\",\"status\":\"201\",\"responseTime\":\"348.236\"}","timestamp":"2025-02-06T06:30:26.597Z"}
{"level":"\u001b[32minfo\u001b[39m","message":"{\"method\":\"GET\",\"url\":\"/api/v1/donations/\",\"status\":\"500\",\"responseTime\":\"5.374\"}","timestamp":"2025-02-06T06:33:57.108Z"}
{"level":"\u001b[32minfo\u001b[39m","message":"{\"method\":\"GET\",\"url\":\"/api/v1/requests/\",\"status\":\"500\",\"responseTime\":\"1.487\"}","timestamp":"2025-02-06T06:33:57.113Z"}
{"level":"\u001b[32minfo\u001b[39m","message":"{\"method\":\"GET\",\"url\":\"/api/v1/donations/\",\"status\":\"500\",\"responseTime\":\"0.964\"}","timestamp":"2025-02-06T06:33:57.115Z"}
{"level":"\u001b[32minfo\u001b[39m","message":"{\"method\":\"GET\",\"url\":\"/api/v1/requests/\",\"status\":\"500\",\"responseTime\":\"1.054\"}","timestamp":"2025-02-06T06:33:57.118Z"}
{"level":"\u001b[32minfo\u001b[39m","message":"{\"method\":\"GET\",\"url\":\"/api/v1/profile/me\",\"status\":\"500\",\"responseTime\":\"1.213\"}","timestamp":"2025-02-06T06:34:00.571Z"}
{"level":"\u001b[32minfo\u001b[39m","message":"{\"method\":\"GET\",\"url\":\"/api/v1/profile/me\",\"status\":\"500\",\"responseTime\":\"2.277\"}","timestamp":"2025-02-06T06:34:00.574Z"}
{"level":"\u001b[32minfo\u001b[39m","message":"{\"method\":\"POST\",\"url\":\"/api/v1/auth/social-login\",\"status\":\"201\",\"responseTime\":\"340.973\"}","timestamp":"2025-02-06T06:39:26.944Z"}
{"level":"\u001b[32minfo\u001b[39m","message":"{\"method\":\"GET\",\"url\":\"/api/v1/requests/\",\"status\":\"200\",\"responseTime\":\"218.445\"}","timestamp":"2025-02-06T06:39:29.090Z"}
{"level":"\u001b[32minfo\u001b[39m","message":"{\"method\":\"GET\",\"url\":\"/api/v1/donations/\",\"status\":\"200\",\"responseTime\":\"247.496\"}","timestamp":"2025-02-06T06:39:29.127Z"}
{"level":"\u001b[32minfo\u001b[39m","message":"{\"method\":\"GET\",\"url\":\"/api/v1/donations/\",\"status\":\"200\",\"responseTime\":\"442.975\"}","timestamp":"2025-02-06T06:39:29.317Z"}
{"level":"\u001b[32minfo\u001b[39m","message":"{\"method\":\"GET\",\"url\":\"/api/v1/requests/\",\"status\":\"200\",\"responseTime\":\"453.829\"}","timestamp":"2025-02-06T06:39:29.331Z"}
{"level":"\u001b[32minfo\u001b[39m","message":"{\"method\":\"GET\",\"url\":\"/uploads/donation/Xiaomi-Poco-F5.png\",\"status\":\"404\",\"responseTime\":\"0.724\"}","timestamp":"2025-02-06T06:39:30.476Z"}
{"level":"\u001b[32minfo\u001b[39m","message":"{\"method\":\"GET\",\"url\":\"/uploads/donation/images.jpg\",\"status\":\"404\",\"responseTime\":\"2.201\"}","timestamp":"2025-02-06T06:39:30.477Z"}
{"level":"\u001b[32minfo\u001b[39m","message":"{\"method\":\"GET\",\"url\":\"/uploads/1000011280.jpg\",\"status\":\"404\",\"responseTime\":\"0.584\"}","timestamp":"2025-02-06T06:39:30.478Z"}
{"level":"\u001b[32minfo\u001b[39m","message":"{\"method\":\"POST\",\"url\":\"/api/v1/auth/social-login\",\"status\":\"201\",\"responseTime\":\"242.426\"}","timestamp":"2025-02-06T06:43:21.014Z"}
{"level":"\u001b[32minfo\u001b[39m","message":"{\"method\":\"GET\",\"url\":\"/api/v1/donations/\",\"status\":\"200\",\"responseTime\":\"130.370\"}","timestamp":"2025-02-06T06:43:21.623Z"}
{"level":"\u001b[32minfo\u001b[39m","message":"{\"method\":\"GET\",\"url\":\"/api/v1/requests/\",\"status\":\"200\",\"responseTime\":\"120.395\"}","timestamp":"2025-02-06T06:43:21.736Z"}
{"level":"\u001b[32minfo\u001b[39m","message":"{\"method\":\"GET\",\"url\":\"/api/v1/requests/\",\"status\":\"200\",\"responseTime\":\"126.437\"}","timestamp":"2025-02-06T06:43:21.741Z"}
{"level":"\u001b[32minfo\u001b[39m","message":"{\"method\":\"GET\",\"url\":\"/api/v1/donations/\",\"status\":\"200\",\"responseTime\":\"126.995\"}","timestamp":"2025-02-06T06:43:21.749Z"}
{"level":"\u001b[32minfo\u001b[39m","message":"{\"method\":\"GET\",\"url\":\"/uploads/donation/images.jpg\",\"status\":\"404\",\"responseTime\":\"1.123\"}","timestamp":"2025-02-06T06:43:22.223Z"}
{"level":"\u001b[32minfo\u001b[39m","message":"{\"method\":\"GET\",\"url\":\"/uploads/1000011280.jpg\",\"status\":\"404\",\"responseTime\":\"1.407\"}","timestamp":"2025-02-06T06:43:22.223Z"}
{"level":"\u001b[32minfo\u001b[39m","message":"{\"method\":\"GET\",\"url\":\"/uploads/donation/Xiaomi-Poco-F5.png\",\"status\":\"404\",\"responseTime\":\"2.281\"}","timestamp":"2025-02-06T06:43:22.225Z"}
{"level":"\u001b[32minfo\u001b[39m","message":"Category: Object Subcategory: Garden_Outdoor","timestamp":"2025-02-06T06:47:42.993Z"}
{"level":"\u001b[32minfo\u001b[39m","message":"{\"method\":\"POST\",\"url\":\"/api/v1/donations/\",\"status\":\"201\",\"responseTime\":\"110444.885\"}","timestamp":"2025-02-06T06:47:43.521Z"}
{"level":"\u001b[32minfo\u001b[39m","message":"{\"method\":\"GET\",\"url\":\"/api/v1/requests/\",\"status\":\"200\",\"responseTime\":\"142.559\"}","timestamp":"2025-02-06T06:47:47.142Z"}
{"level":"\u001b[32minfo\u001b[39m","message":"{\"method\":\"GET\",\"url\":\"/api/v1/requests/\",\"status\":\"200\",\"responseTime\":\"146.641\"}","timestamp":"2025-02-06T06:47:47.145Z"}
{"level":"\u001b[32minfo\u001b[39m","message":"{\"method\":\"GET\",\"url\":\"/api/v1/donations/\",\"status\":\"200\",\"responseTime\":\"154.034\"}","timestamp":"2025-02-06T06:47:47.149Z"}
{"level":"\u001b[32minfo\u001b[39m","message":"{\"method\":\"GET\",\"url\":\"/api/v1/donations/\",\"status\":\"200\",\"responseTime\":\"468.289\"}","timestamp":"2025-02-06T06:47:47.468Z"}
{"level":"\u001b[32minfo\u001b[39m","message":"{\"method\":\"GET\",\"url\":\"/uploads/1000011280.jpg\",\"status\":\"404\",\"responseTime\":\"3.322\"}","timestamp":"2025-02-06T06:47:51.870Z"}
{"level":"\u001b[32minfo\u001b[39m","message":"{\"method\":\"GET\",\"url\":\"/uploads/donation/ebd4c2fc-03ed-4c94-bab8-b379f0f40e093817042340512817311.jpg\",\"status\":\"404\",\"responseTime\":\"6.531\"}","timestamp":"2025-02-06T06:47:51.873Z"}
{"level":"\u001b[32minfo\u001b[39m","message":"{\"method\":\"GET\",\"url\":\"/uploads/donation/images.jpg\",\"status\":\"404\",\"responseTime\":\"8.781\"}","timestamp":"2025-02-06T06:47:51.876Z"}
{"level":"\u001b[32minfo\u001b[39m","message":"{\"method\":\"GET\",\"url\":\"/uploads/donation/Xiaomi-Poco-F5.png\",\"status\":\"404\",\"responseTime\":\"9.423\"}","timestamp":"2025-02-06T06:47:51.878Z"}
{"level":"\u001b[32minfo\u001b[39m","message":"Category: Object Subcategory: Garden_Outdoor","timestamp":"2025-02-06T06:47:54.352Z"}
{"level":"\u001b[32minfo\u001b[39m","message":"{\"method\":\"POST\",\"url\":\"/api/v1/donations/\",\"status\":\"201\",\"responseTime\":\"126395.802\"}","timestamp":"2025-02-06T06:47:54.845Z"}
{"level":"\u001b[32minfo\u001b[39m","message":"Category: Object Subcategory: Garden_Outdoor","timestamp":"2025-02-06T06:47:55.108Z"}
{"level":"\u001b[32minfo\u001b[39m","message":"Category: Object Subcategory: Garden_Outdoor","timestamp":"2025-02-06T06:47:55.313Z"}
{"level":"\u001b[32minfo\u001b[39m","message":"{\"method\":\"POST\",\"url\":\"/api/v1/donations/\",\"status\":\"201\",\"responseTime\":\"121977.591\"}","timestamp":"2025-02-06T06:47:55.421Z"}
{"level":"\u001b[32minfo\u001b[39m","message":"{\"method\":\"POST\",\"url\":\"/api/v1/donations/\",\"status\":\"201\",\"responseTime\":\"122101.946\"}","timestamp":"2025-02-06T06:47:55.631Z"}
{"level":"\u001b[32minfo\u001b[39m","message":"{\"method\":\"GET\",\"url\":\"/api/v1/requests/\",\"status\":\"200\",\"responseTime\":\"127.100\"}","timestamp":"2025-02-06T06:47:56.800Z"}
{"level":"\u001b[32minfo\u001b[39m","message":"{\"method\":\"GET\",\"url\":\"/api/v1/requests/\",\"status\":\"200\",\"responseTime\":\"126.140\"}","timestamp":"2025-02-06T06:47:56.801Z"}
{"level":"\u001b[32minfo\u001b[39m","message":"{\"method\":\"GET\",\"url\":\"/api/v1/donations/\",\"status\":\"200\",\"responseTime\":\"132.421\"}","timestamp":"2025-02-06T06:47:56.803Z"}
{"level":"\u001b[32minfo\u001b[39m","message":"{\"method\":\"GET\",\"url\":\"/api/v1/donations/\",\"status\":\"200\",\"responseTime\":\"131.292\"}","timestamp":"2025-02-06T06:47:56.805Z"}
{"level":"\u001b[32minfo\u001b[39m","message":"{\"method\":\"GET\",\"url\":\"/api/v1/donations/\",\"status\":\"200\",\"responseTime\":\"131.953\"}","timestamp":"2025-02-06T06:47:57.712Z"}
{"level":"\u001b[32minfo\u001b[39m","message":"{\"method\":\"GET\",\"url\":\"/api/v1/requests/\",\"status\":\"200\",\"responseTime\":\"120.321\"}","timestamp":"2025-02-06T06:47:57.757Z"}
{"level":"\u001b[32minfo\u001b[39m","message":"{\"method\":\"GET\",\"url\":\"/api/v1/requests/\",\"status\":\"200\",\"responseTime\":\"129.436\"}","timestamp":"2025-02-06T06:47:57.760Z"}
{"level":"\u001b[32minfo\u001b[39m","message":"{\"method\":\"GET\",\"url\":\"/api/v1/donations/\",\"status\":\"200\",\"responseTime\":\"128.580\"}","timestamp":"2025-02-06T06:47:57.764Z"}
{"level":"\u001b[32minfo\u001b[39m","message":"{\"method\":\"GET\",\"url\":\"/api/v1/requests/\",\"status\":\"200\",\"responseTime\":\"128.191\"}","timestamp":"2025-02-06T06:47:58.111Z"}
{"level":"\u001b[32minfo\u001b[39m","message":"{\"method\":\"GET\",\"url\":\"/api/v1/donations/\",\"status\":\"200\",\"responseTime\":\"140.737\"}","timestamp":"2025-02-06T06:47:58.114Z"}
{"level":"\u001b[32minfo\u001b[39m","message":"{\"method\":\"GET\",\"url\":\"/api/v1/donations/\",\"status\":\"200\",\"responseTime\":\"140.559\"}","timestamp":"2025-02-06T06:47:58.117Z"}
{"level":"\u001b[32minfo\u001b[39m","message":"{\"method\":\"GET\",\"url\":\"/api/v1/requests/\",\"status\":\"200\",\"responseTime\":\"134.349\"}","timestamp":"2025-02-06T06:47:58.119Z"}
{"level":"\u001b[32minfo\u001b[39m","message":"{\"method\":\"GET\",\"url\":\"/uploads/donation/ebd4c2fc-03ed-4c94-bab8-b379f0f40e093817042340512817311.jpg\",\"status\":\"404\",\"responseTime\":\"1.907\"}","timestamp":"2025-02-06T06:48:03.139Z"}
{"level":"\u001b[32minfo\u001b[39m","message":"{\"method\":\"GET\",\"url\":\"/uploads/donation/images.jpg\",\"status\":\"404\",\"responseTime\":\"1.000\"}","timestamp":"2025-02-06T06:48:03.142Z"}
{"level":"\u001b[32minfo\u001b[39m","message":"{\"method\":\"GET\",\"url\":\"/uploads/donation/Xiaomi-Poco-F5.png\",\"status\":\"404\",\"responseTime\":\"0.473\"}","timestamp":"2025-02-06T06:48:03.152Z"}
{"level":"\u001b[32minfo\u001b[39m","message":"Category: Object Subcategory: Garden_Outdoor","timestamp":"2025-02-06T06:48:17.664Z"}
{"level":"\u001b[32minfo\u001b[39m","message":"{\"method\":\"POST\",\"url\":\"/api/v1/donations/\",\"status\":\"201\",\"responseTime\":\"144762.171\"}","timestamp":"2025-02-06T06:48:17.977Z"}
{"level":"\u001b[32minfo\u001b[39m","message":"Category: Object Subcategory: Garden_Outdoor","timestamp":"2025-02-06T06:48:29.657Z"}
{"level":"\u001b[32minfo\u001b[39m","message":"{\"method\":\"POST\",\"url\":\"/api/v1/donations/\",\"status\":\"201\",\"responseTime\":\"157239.382\"}","timestamp":"2025-02-06T06:48:29.974Z"}
{"level":"\u001b[32minfo\u001b[39m","message":"{\"method\":\"POST\",\"url\":\"/api/v1/donations/\",\"status\":\"500\",\"responseTime\":\"135.638\"}","timestamp":"2025-02-06T06:57:12.065Z"}
{"level":"\u001b[32minfo\u001b[39m","message":"{\"method\":\"GET\",\"url\":\"/api/v1/requests/\",\"status\":\"200\",\"responseTime\":\"245.045\"}","timestamp":"2025-02-06T06:57:21.946Z"}
{"level":"\u001b[32minfo\u001b[39m","message":"{\"method\":\"GET\",\"url\":\"/api/v1/donations/\",\"status\":\"200\",\"responseTime\":\"299.134\"}","timestamp":"2025-02-06T06:57:21.998Z"}
{"level":"\u001b[32minfo\u001b[39m","message":"{\"method\":\"GET\",\"url\":\"/api/v1/donations/\",\"status\":\"200\",\"responseTime\":\"303.148\"}","timestamp":"2025-02-06T06:57:22.000Z"}
{"level":"\u001b[32minfo\u001b[39m","message":"{\"method\":\"GET\",\"url\":\"/api/v1/requests/\",\"status\":\"200\",\"responseTime\":\"482.643\"}","timestamp":"2025-02-06T06:57:22.179Z"}
{"level":"\u001b[32minfo\u001b[39m","message":"Category: Object Subcategory: Game","timestamp":"2025-02-06T06:57:33.112Z"}
{"level":"\u001b[32minfo\u001b[39m","message":"{\"method\":\"POST\",\"url\":\"/api/v1/donations/\",\"status\":\"201\",\"responseTime\":\"756.229\"}","timestamp":"2025-02-06T06:57:33.504Z"}
{"level":"\u001b[32minfo\u001b[39m","message":"{\"method\":\"POST\",\"url\":\"/api/v1/auth/login\",\"status\":\"400\",\"responseTime\":\"64.115\"}","timestamp":"2025-02-06T07:02:07.309Z"}
{"level":"\u001b[32minfo\u001b[39m","message":"{\"method\":\"POST\",\"url\":\"/api/v1/users/register\",\"status\":\"201\",\"responseTime\":\"3558.858\"}","timestamp":"2025-02-06T07:02:19.048Z"}
{"level":"\u001b[32minfo\u001b[39m","message":"Category: Object Subcategory: Game","timestamp":"2025-02-06T07:03:35.282Z"}
{"level":"\u001b[32minfo\u001b[39m","message":"{\"method\":\"POST\",\"url\":\"/api/v1/donations/\",\"status\":\"201\",\"responseTime\":\"465.724\"}","timestamp":"2025-02-06T07:03:35.641Z"}
{"level":"\u001b[32minfo\u001b[39m","message":"{\"method\":\"POST\",\"url\":\"/api/v1/users/register\",\"status\":\"201\",\"responseTime\":\"3035.684\"}","timestamp":"2025-02-06T07:04:09.001Z"}
{"level":"\u001b[32minfo\u001b[39m","message":"{\"method\":\"GET\",\"url\":\"/api/v1/donations/\",\"status\":\"401\",\"responseTime\":\"5.229\"}","timestamp":"2025-02-06T07:04:09.258Z"}
{"level":"\u001b[32minfo\u001b[39m","message":"{\"method\":\"GET\",\"url\":\"/api/v1/requests/\",\"status\":\"401\",\"responseTime\":\"0.531\"}","timestamp":"2025-02-06T07:04:09.260Z"}
{"level":"\u001b[32minfo\u001b[39m","message":"{\"method\":\"GET\",\"url\":\"/api/v1/donations/\",\"status\":\"401\",\"responseTime\":\"0.402\"}","timestamp":"2025-02-06T07:04:09.262Z"}
{"level":"\u001b[32minfo\u001b[39m","message":"{\"method\":\"GET\",\"url\":\"/api/v1/requests/\",\"status\":\"401\",\"responseTime\":\"0.323\"}","timestamp":"2025-02-06T07:04:09.263Z"}
{"level":"\u001b[32minfo\u001b[39m","message":"Category: Object Subcategory: Game","timestamp":"2025-02-06T07:04:13.166Z"}
{"level":"\u001b[32minfo\u001b[39m","message":"{\"method\":\"POST\",\"url\":\"/api/v1/donations/\",\"status\":\"201\",\"responseTime\":\"461.135\"}","timestamp":"2025-02-06T07:04:13.522Z"}
{"level":"\u001b[32minfo\u001b[39m","message":"{\"method\":\"GET\",\"url\":\"/uploads/donations/images.jpg\",\"status\":\"404\",\"responseTime\":\"0.968\"}","timestamp":"2025-02-06T07:04:20.577Z"}
{"level":"\u001b[32minfo\u001b[39m","message":"{\"method\":\"GET\",\"url\":\"/favicon.ico\",\"status\":\"404\",\"responseTime\":\"0.591\"}","timestamp":"2025-02-06T07:04:21.045Z"}
{"level":"\u001b[32minfo\u001b[39m","message":"Category: Object Subcategory: Game","timestamp":"2025-02-06T07:05:11.228Z"}
{"level":"\u001b[32minfo\u001b[39m","message":"{\"method\":\"POST\",\"url\":\"/api/v1/donations/\",\"status\":\"201\",\"responseTime\":\"466.780\"}","timestamp":"2025-02-06T07:05:11.593Z"}
{"level":"\u001b[32minfo\u001b[39m","message":"Category: Object Subcategory: Game","timestamp":"2025-02-06T07:23:11.140Z"}
{"level":"\u001b[32minfo\u001b[39m","message":"{\"method\":\"POST\",\"url\":\"/api/v1/donations/\",\"status\":\"201\",\"responseTime\":\"481.026\"}","timestamp":"2025-02-06T07:23:11.507Z"}
{"level":"\u001b[32minfo\u001b[39m","message":"{\"method\":\"POST\",\"url\":\"/api/v1/auth/login\",\"status\":\"400\",\"responseTime\":\"7.570\"}","timestamp":"2025-02-06T08:06:29.430Z"}
{"level":"\u001b[32minfo\u001b[39m","message":"{\"method\":\"POST\",\"url\":\"/api/v1/users/register\",\"status\":\"201\",\"responseTime\":\"3598.329\"}","timestamp":"2025-02-06T08:53:43.016Z"}
{"level":"\u001b[32minfo\u001b[39m","message":"{\"method\":\"GET\",\"url\":\"/api/v1/donations/\",\"status\":\"401\",\"responseTime\":\"4.559\"}","timestamp":"2025-02-06T08:54:09.220Z"}
{"level":"\u001b[32minfo\u001b[39m","message":"{\"method\":\"GET\",\"url\":\"/api/v1/requests/\",\"status\":\"401\",\"responseTime\":\"0.697\"}","timestamp":"2025-02-06T08:54:09.222Z"}
{"level":"\u001b[32minfo\u001b[39m","message":"{\"method\":\"GET\",\"url\":\"/api/v1/donations/\",\"status\":\"401\",\"responseTime\":\"0.344\"}","timestamp":"2025-02-06T08:54:09.223Z"}
{"level":"\u001b[32minfo\u001b[39m","message":"{\"method\":\"GET\",\"url\":\"/api/v1/requests/\",\"status\":\"401\",\"responseTime\":\"0.756\"}","timestamp":"2025-02-06T08:54:09.224Z"}
{"level":"\u001b[32minfo\u001b[39m","message":"{\"method\":\"POST\",\"url\":\"/api/v1/auth/login\",\"status\":\"307\",\"responseTime\":\"3240.499\"}","timestamp":"2025-02-06T08:57:42.252Z"}
{"level":"\u001b[32minfo\u001b[39m","message":"{\"method\":\"POST\",\"url\":\"/api/v1/users/register\",\"status\":\"201\",\"responseTime\":\"2835.299\"}","timestamp":"2025-02-06T08:59:39.085Z"}
{"level":"\u001b[32minfo\u001b[39m","message":"{\"method\":\"GET\",\"url\":\"/api/v1/donations/\",\"status\":\"401\",\"responseTime\":\"1.027\"}","timestamp":"2025-02-06T09:00:04.518Z"}
{"level":"\u001b[32minfo\u001b[39m","message":"{\"method\":\"GET\",\"url\":\"/api/v1/requests/\",\"status\":\"401\",\"responseTime\":\"0.771\"}","timestamp":"2025-02-06T09:00:04.524Z"}
{"level":"\u001b[32minfo\u001b[39m","message":"{\"method\":\"GET\",\"url\":\"/api/v1/donations/\",\"status\":\"401\",\"responseTime\":\"0.502\"}","timestamp":"2025-02-06T09:00:04.526Z"}
{"level":"\u001b[32minfo\u001b[39m","message":"{\"method\":\"GET\",\"url\":\"/api/v1/requests/\",\"status\":\"401\",\"responseTime\":\"0.397\"}","timestamp":"2025-02-06T09:00:04.527Z"}
{"level":"\u001b[32minfo\u001b[39m","message":"{\"method\":\"POST\",\"url\":\"/api/v1/users/verify-otp\",\"status\":\"200\",\"responseTime\":\"328.327\"}","timestamp":"2025-02-06T09:02:28.369Z"}
{"level":"\u001b[32minfo\u001b[39m","message":"{\"method\":\"POST\",\"url\":\"/api/v1/auth/login\",\"status\":\"200\",\"responseTime\":\"256.850\"}","timestamp":"2025-02-06T09:05:42.438Z"}
{"level":"\u001b[32minfo\u001b[39m","message":"{\"method\":\"GET\",\"url\":\"/api/v1/donations/\",\"status\":\"200\",\"responseTime\":\"211.044\"}","timestamp":"2025-02-06T09:05:42.932Z"}
{"level":"\u001b[32minfo\u001b[39m","message":"{\"method\":\"GET\",\"url\":\"/api/v1/requests/\",\"status\":\"200\",\"responseTime\":\"238.304\"}","timestamp":"2025-02-06T09:05:42.971Z"}
{"level":"\u001b[32minfo\u001b[39m","message":"{\"method\":\"GET\",\"url\":\"/uploads/donations/images.jpg\",\"status\":\"200\",\"responseTime\":\"3.894\"}","timestamp":"2025-02-06T09:05:43.062Z"}
{"level":"\u001b[32minfo\u001b[39m","message":"{\"method\":\"GET\",\"url\":\"/api/v1/donations/\",\"status\":\"200\",\"responseTime\":\"369.212\"}","timestamp":"2025-02-06T09:05:43.097Z"}
{"level":"\u001b[32minfo\u001b[39m","message":"{\"method\":\"GET\",\"url\":\"/api/v1/requests/\",\"status\":\"200\",\"responseTime\":\"389.340\"}","timestamp":"2025-02-06T09:05:43.116Z"}
{"level":"\u001b[32minfo\u001b[39m","message":"{\"method\":\"GET\",\"url\":\"/uploads/donation/images.jpg\",\"status\":\"404\",\"responseTime\":\"2.336\"}","timestamp":"2025-02-06T09:05:44.260Z"}
{"level":"\u001b[32minfo\u001b[39m","message":"{\"method\":\"GET\",\"url\":\"/uploads/donation/ebd4c2fc-03ed-4c94-bab8-b379f0f40e093817042340512817311.jpg\",\"status\":\"404\",\"responseTime\":\"0.509\"}","timestamp":"2025-02-06T09:05:44.262Z"}
{"level":"\u001b[32minfo\u001b[39m","message":"{\"method\":\"GET\",\"url\":\"/api/v1/profile/me\",\"status\":\"200\",\"responseTime\":\"87.014\"}","timestamp":"2025-02-06T09:05:45.850Z"}
{"level":"\u001b[32minfo\u001b[39m","message":"{\"method\":\"GET\",\"url\":\"/api/v1/profile/me\",\"status\":\"200\",\"responseTime\":\"86.870\"}","timestamp":"2025-02-06T09:05:45.852Z"}
{"level":"\u001b[32minfo\u001b[39m","message":"{\"method\":\"POST\",\"url\":\"/api/v1/auth/login\",\"status\":\"200\",\"responseTime\":\"252.130\"}","timestamp":"2025-02-06T09:07:24.751Z"}
{"level":"\u001b[32minfo\u001b[39m","message":"{\"method\":\"GET\",\"url\":\"/api/v1/requests/\",\"status\":\"200\",\"responseTime\":\"118.816\"}","timestamp":"2025-02-06T09:07:25.149Z"}
{"level":"\u001b[32minfo\u001b[39m","message":"{\"method\":\"GET\",\"url\":\"/api/v1/donations/\",\"status\":\"200\",\"responseTime\":\"122.984\"}","timestamp":"2025-02-06T09:07:25.150Z"}
{"level":"\u001b[32minfo\u001b[39m","message":"{\"method\":\"GET\",\"url\":\"/api/v1/donations/\",\"status\":\"200\",\"responseTime\":\"127.871\"}","timestamp":"2025-02-06T09:07:25.160Z"}
{"level":"\u001b[32minfo\u001b[39m","message":"{\"method\":\"GET\",\"url\":\"/uploads/donations/images.jpg\",\"status\":\"200\",\"responseTime\":\"0.651\"}","timestamp":"2025-02-06T09:07:25.263Z"}
{"level":"\u001b[32minfo\u001b[39m","message":"{\"method\":\"GET\",\"url\":\"/api/v1/requests/\",\"status\":\"200\",\"responseTime\":\"373.589\"}","timestamp":"2025-02-06T09:07:25.406Z"}
{"level":"\u001b[32minfo\u001b[39m","message":"{\"method\":\"GET\",\"url\":\"/api/v1/profile/me\",\"status\":\"200\",\"responseTime\":\"75.826\"}","timestamp":"2025-02-06T09:07:27.180Z"}
{"level":"\u001b[32minfo\u001b[39m","message":"{\"method\":\"GET\",\"url\":\"/api/v1/profile/me\",\"status\":\"200\",\"responseTime\":\"81.117\"}","timestamp":"2025-02-06T09:07:27.187Z"}
{"level":"\u001b[32minfo\u001b[39m","message":"{\"method\":\"POST\",\"url\":\"/api/v1/users/register\",\"status\":\"201\",\"responseTime\":\"3020.284\"}","timestamp":"2025-02-06T09:11:21.905Z"}
{"level":"\u001b[32minfo\u001b[39m","message":"{\"method\":\"GET\",\"url\":\"/api/v1/donations/\",\"status\":\"401\",\"responseTime\":\"9.880\"}","timestamp":"2025-02-06T09:11:39.419Z"}
{"level":"\u001b[32minfo\u001b[39m","message":"{\"method\":\"GET\",\"url\":\"/api/v1/requests/\",\"status\":\"401\",\"responseTime\":\"0.701\"}","timestamp":"2025-02-06T09:11:39.420Z"}
{"level":"\u001b[32minfo\u001b[39m","message":"{\"method\":\"GET\",\"url\":\"/api/v1/donations/\",\"status\":\"401\",\"responseTime\":\"0.396\"}","timestamp":"2025-02-06T09:11:39.422Z"}
{"level":"\u001b[32minfo\u001b[39m","message":"{\"method\":\"GET\",\"url\":\"/api/v1/requests/\",\"status\":\"401\",\"responseTime\":\"0.364\"}","timestamp":"2025-02-06T09:11:39.423Z"}
{"level":"\u001b[32minfo\u001b[39m","message":"{\"method\":\"POST\",\"url\":\"/api/v1/follow/follow/67a44e527888945989a794bd\",\"status\":\"201\",\"responseTime\":\"279.230\"}","timestamp":"2025-02-06T09:16:14.393Z"}
{"level":"\u001b[32minfo\u001b[39m","message":"{\"method\":\"POST\",\"url\":\"/api/v1/follow/follow/67a44e527888945989a794bd\",\"status\":\"201\",\"responseTime\":\"336.543\"}","timestamp":"2025-02-06T09:18:44.590Z"}
{"level":"\u001b[32minfo\u001b[39m","message":"{\"method\":\"POST\",\"url\":\"/api/v1/follow/follow/67a44e527888945989a794bd\",\"status\":\"500\",\"responseTime\":\"183.446\"}","timestamp":"2025-02-06T09:19:56.556Z"}
{"level":"\u001b[32minfo\u001b[39m","message":"{\"method\":\"POST\",\"url\":\"/api/v1/users/register\",\"status\":\"201\",\"responseTime\":\"4085.413\"}","timestamp":"2025-02-06T09:20:54.340Z"}
{"level":"\u001b[32minfo\u001b[39m","message":"{\"method\":\"POST\",\"url\":\"/api/v1/follow/follow/67a44e527888945989a794bd\",\"status\":\"500\",\"responseTime\":\"170.482\"}","timestamp":"2025-02-06T09:20:59.924Z"}
{"level":"\u001b[32minfo\u001b[39m","message":"{\"method\":\"POST\",\"url\":\"/api/v1/follow/follow/67a44e527888945989a794bd\",\"status\":\"500\",\"responseTime\":\"157.602\"}","timestamp":"2025-02-06T09:21:05.142Z"}
{"level":"\u001b[32minfo\u001b[39m","message":"{\"method\":\"POST\",\"url\":\"/api/v1/follow/follow/67a44e527888945989a794bd\",\"status\":\"500\",\"responseTime\":\"155.210\"}","timestamp":"2025-02-06T09:21:08.500Z"}
{"level":"\u001b[32minfo\u001b[39m","message":"{\"method\":\"POST\",\"url\":\"/api/v1/follow/follow/67a44e527888945989a794bd\",\"status\":\"500\",\"responseTime\":\"154.695\"}","timestamp":"2025-02-06T09:21:11.803Z"}
{"level":"\u001b[32minfo\u001b[39m","message":"{\"method\":\"GET\",\"url\":\"/api/v1/donations/\",\"status\":\"401\",\"responseTime\":\"2.113\"}","timestamp":"2025-02-06T09:21:12.970Z"}
{"level":"\u001b[32minfo\u001b[39m","message":"{\"method\":\"GET\",\"url\":\"/api/v1/requests/\",\"status\":\"401\",\"responseTime\":\"1.438\"}","timestamp":"2025-02-06T09:21:12.976Z"}
{"level":"\u001b[32minfo\u001b[39m","message":"{\"method\":\"GET\",\"url\":\"/api/v1/donations/\",\"status\":\"401\",\"responseTime\":\"0.894\"}","timestamp":"2025-02-06T09:21:12.978Z"}
{"level":"\u001b[32minfo\u001b[39m","message":"{\"method\":\"GET\",\"url\":\"/api/v1/requests/\",\"status\":\"401\",\"responseTime\":\"0.890\"}","timestamp":"2025-02-06T09:21:12.981Z"}
{"level":"\u001b[32minfo\u001b[39m","message":"{\"method\":\"POST\",\"url\":\"/api/v1/auth/login\",\"status\":\"307\",\"responseTime\":\"3249.953\"}","timestamp":"2025-02-06T09:21:33.401Z"}
{"level":"\u001b[32minfo\u001b[39m","message":"{\"method\":\"POST\",\"url\":\"/api/v1/users/register\",\"status\":\"201\",\"responseTime\":\"3555.006\"}","timestamp":"2025-02-06T09:23:35.283Z"}
{"level":"\u001b[32minfo\u001b[39m","message":"{\"method\":\"POST\",\"url\":\"/api/v1/follow/follow/67a479f8f7d3120f84908e95\",\"status\":\"201\",\"responseTime\":\"268.693\"}","timestamp":"2025-02-06T09:23:54.340Z"}
{"level":"\u001b[32minfo\u001b[39m","message":"{\"method\":\"GET\",\"url\":\"/api/v1/donations/\",\"status\":\"401\",\"responseTime\":\"0.416\"}","timestamp":"2025-02-06T09:23:55.367Z"}
{"level":"\u001b[32minfo\u001b[39m","message":"{\"method\":\"GET\",\"url\":\"/api/v1/requests/\",\"status\":\"401\",\"responseTime\":\"0.332\"}","timestamp":"2025-02-06T09:23:55.368Z"}
{"level":"\u001b[32minfo\u001b[39m","message":"{\"method\":\"GET\",\"url\":\"/api/v1/donations/\",\"status\":\"401\",\"responseTime\":\"0.286\"}","timestamp":"2025-02-06T09:23:55.369Z"}
{"level":"\u001b[32minfo\u001b[39m","message":"{\"method\":\"GET\",\"url\":\"/api/v1/requests/\",\"status\":\"401\",\"responseTime\":\"0.276\"}","timestamp":"2025-02-06T09:23:55.370Z"}
{"level":"\u001b[32minfo\u001b[39m","message":"{\"method\":\"POST\",\"url\":\"/api/v1/follow/unfollow/67a479f8f7d3120f84908e95\",\"status\":\"200\",\"responseTime\":\"195.202\"}","timestamp":"2025-02-06T09:24:28.751Z"}
{"level":"\u001b[32minfo\u001b[39m","message":"{\"method\":\"POST\",\"url\":\"/api/v1/auth/login\",\"status\":\"307\",\"responseTime\":\"2927.243\"}","timestamp":"2025-02-06T09:24:43.816Z"}
{"level":"\u001b[32minfo\u001b[39m","message":"{\"method\":\"POST\",\"url\":\"/api/v1/follow/follow/67a47ef2cfe640167b4c8743\",\"status\":\"201\",\"responseTime\":\"279.570\"}","timestamp":"2025-02-06T09:25:28.430Z"}
{"level":"\u001b[32minfo\u001b[39m","message":"{\"method\":\"POST\",\"url\":\"/api/v1/follow/unfollow/67a47ef2cfe640167b4c8743\",\"status\":\"200\",\"responseTime\":\"201.236\"}","timestamp":"2025-02-06T09:25:50.366Z"}
{"level":"\u001b[32minfo\u001b[39m","message":"{\"method\":\"GET\",\"url\":\"/api/v1/follow/following/:userId\",\"status\":\"200\",\"responseTime\":\"117.138\"}","timestamp":"2025-02-06T09:26:51.272Z"}
{"level":"\u001b[32minfo\u001b[39m","message":"{\"method\":\"POST\",\"url\":\"/api/v1/follow/follow/67a47ef2cfe640167b4c8743\",\"status\":\"201\",\"responseTime\":\"269.030\"}","timestamp":"2025-02-06T09:27:08.546Z"}
{"level":"\u001b[32minfo\u001b[39m","message":"{\"method\":\"POST\",\"url\":\"/api/v1/follow/follow/67a47ef2cfe640167b4c8743\",\"status\":\"500\",\"responseTime\":\"154.025\"}","timestamp":"2025-02-06T09:27:11.914Z"}
{"level":"\u001b[32minfo\u001b[39m","message":"{\"method\":\"GET\",\"url\":\"/api/v1/follow/following/:userId\",\"status\":\"200\",\"responseTime\":\"115.938\"}","timestamp":"2025-02-06T09:27:16.713Z"}
{"level":"\u001b[32minfo\u001b[39m","message":"{\"method\":\"GET\",\"url\":\"/api/v1/follow/following/:userId\",\"status\":\"200\",\"responseTime\":\"115.446\"}","timestamp":"2025-02-06T09:27:18.517Z"}
{"level":"\u001b[32minfo\u001b[39m","message":"{\"method\":\"GET\",\"url\":\"/api/v1/follow/following/:userId\",\"status\":\"200\",\"responseTime\":\"114.888\"}","timestamp":"2025-02-06T09:27:20.366Z"}
{"level":"\u001b[32minfo\u001b[39m","message":"{\"method\":\"GET\",\"url\":\"/api/v1/follow/following/:userId\",\"status\":\"200\",\"responseTime\":\"114.719\"}","timestamp":"2025-02-06T09:28:16.385Z"}
{"level":"\u001b[32minfo\u001b[39m","message":"{\"method\":\"GET\",\"url\":\"/api/v1/follow/following/:userId\",\"status\":\"200\",\"responseTime\":\"113.691\"}","timestamp":"2025-02-06T09:28:18.221Z"}
{"level":"\u001b[32minfo\u001b[39m","message":"{\"method\":\"GET\",\"url\":\"/api/v1/follow/followers/:userId\",\"status\":\"200\",\"responseTime\":\"154.181\"}","timestamp":"2025-02-06T09:28:41.625Z"}
{"level":"\u001b[32minfo\u001b[39m","message":"{\"method\":\"POST\",\"url\":\"/api/v1/users/register\",\"status\":\"201\",\"responseTime\":\"3014.273\"}","timestamp":"2025-02-06T09:29:35.191Z"}
{"level":"\u001b[32minfo\u001b[39m","message":"{\"method\":\"GET\",\"url\":\"/api/v1/donations/\",\"status\":\"401\",\"responseTime\":\"0.412\"}","timestamp":"2025-02-06T09:29:55.327Z"}
{"level":"\u001b[32minfo\u001b[39m","message":"{\"method\":\"GET\",\"url\":\"/api/v1/requests/\",\"status\":\"401\",\"responseTime\":\"0.261\"}","timestamp":"2025-02-06T09:29:55.328Z"}
{"level":"\u001b[32minfo\u001b[39m","message":"{\"method\":\"GET\",\"url\":\"/api/v1/donations/\",\"status\":\"401\",\"responseTime\":\"0.231\"}","timestamp":"2025-02-06T09:29:55.329Z"}
{"level":"\u001b[32minfo\u001b[39m","message":"{\"method\":\"GET\",\"url\":\"/api/v1/requests/\",\"status\":\"401\",\"responseTime\":\"0.220\"}","timestamp":"2025-02-06T09:29:55.330Z"}
{"level":"\u001b[32minfo\u001b[39m","message":"{\"method\":\"GET\",\"url\":\"/api/v1/follow/followers/:userId\",\"status\":\"200\",\"responseTime\":\"178.759\"}","timestamp":"2025-02-06T09:36:10.367Z"}
{"level":"\u001b[32minfo\u001b[39m","message":"{\"method\":\"POST\",\"url\":\"/api/v1/users/register\",\"status\":\"201\",\"responseTime\":\"3735.083\"}","timestamp":"2025-02-06T09:38:02.112Z"}
{"level":"\u001b[32minfo\u001b[39m","message":"{\"method\":\"POST\",\"url\":\"/api/v1/users/register\",\"status\":\"201\",\"responseTime\":\"3795.364\"}","timestamp":"2025-02-06T09:43:22.807Z"}
{"level":"\u001b[32minfo\u001b[39m","message":"{\"method\":\"POST\",\"url\":\"/api/v1/users/register\",\"status\":\"201\",\"responseTime\":\"3729.039\"}","timestamp":"2025-02-06T09:44:44.101Z"}
{"level":"\u001b[32minfo\u001b[39m","message":"{\"method\":\"POST\",\"url\":\"/api/v1/users/register\",\"status\":\"201\",\"responseTime\":\"2954.870\"}","timestamp":"2025-02-06T09:48:33.976Z"}
{"level":"\u001b[32minfo\u001b[39m","message":"{\"method\":\"POST\",\"url\":\"/api/v1/users/register\",\"status\":\"201\",\"responseTime\":\"3864.281\"}","timestamp":"2025-02-06T09:51:56.745Z"}
{"level":"\u001b[32minfo\u001b[39m","message":"{\"method\":\"POST\",\"url\":\"/api/v1/users/register\",\"status\":\"201\",\"responseTime\":\"3211.763\"}","timestamp":"2025-02-06T10:06:39.859Z"}
{"level":"\u001b[32minfo\u001b[39m","message":"{\"method\":\"POST\",\"url\":\"/api/v1/donations/\",\"status\":\"500\",\"responseTime\":\"56.669\"}","timestamp":"2025-02-06T10:12:20.079Z"}
{"level":"\u001b[32minfo\u001b[39m","message":"{\"method\":\"POST\",\"url\":\"/api/v1/donations/\",\"status\":\"500\",\"responseTime\":\"47.588\"}","timestamp":"2025-02-06T10:13:03.267Z"}
{"level":"\u001b[32minfo\u001b[39m","message":"{\"method\":\"POST\",\"url\":\"/api/v1/donations/\",\"status\":\"500\",\"responseTime\":\"47.318\"}","timestamp":"2025-02-06T10:13:16.012Z"}
{"level":"\u001b[32minfo\u001b[39m","message":"{\"method\":\"POST\",\"url\":\"/api/v1/users/register\",\"status\":\"201\",\"responseTime\":\"2998.586\"}","timestamp":"2025-02-06T10:13:45.609Z"}
{"level":"\u001b[32minfo\u001b[39m","message":"{\"method\":\"POST\",\"url\":\"/api/v1/donations/\",\"status\":\"500\",\"responseTime\":\"289.899\"}","timestamp":"2025-02-06T10:13:56.155Z"}
{"level":"\u001b[32minfo\u001b[39m","message":"{\"method\":\"POST\",\"url\":\"/api/v1/donations/\",\"status\":\"500\",\"responseTime\":\"46.493\"}","timestamp":"2025-02-06T10:13:59.292Z"}
{"level":"\u001b[32minfo\u001b[39m","message":"{\"method\":\"POST\",\"url\":\"/api/v1/users/verify-otp\",\"status\":\"400\",\"responseTime\":\"3.391\"}","timestamp":"2025-02-06T10:14:04.757Z"}
{"level":"\u001b[32minfo\u001b[39m","message":"{\"method\":\"POST\",\"url\":\"/api/v1/donations/\",\"status\":\"500\",\"responseTime\":\"57.298\"}","timestamp":"2025-02-06T10:15:44.971Z"}
{"level":"\u001b[32minfo\u001b[39m","message":"Category: undefined Subcategory: undefined","timestamp":"2025-02-06T10:15:55.818Z"}
{"level":"\u001b[32minfo\u001b[39m","message":"{\"method\":\"POST\",\"url\":\"/api/v1/donations/\",\"status\":\"400\",\"responseTime\":\"105.102\"}","timestamp":"2025-02-06T10:15:55.831Z"}
{"level":"\u001b[32minfo\u001b[39m","message":"{\"method\":\"POST\",\"url\":\"/api/v1/users/verify-otp\",\"status\":\"200\",\"responseTime\":\"348.080\"}","timestamp":"2025-02-06T10:16:16.332Z"}
{"level":"\u001b[32minfo\u001b[39m","message":"Category: undefined Subcategory: undefined","timestamp":"2025-02-06T10:17:41.153Z"}
{"level":"\u001b[32minfo\u001b[39m","message":"{\"method\":\"POST\",\"url\":\"/api/v1/donations/\",\"status\":\"400\",\"responseTime\":\"116.752\"}","timestamp":"2025-02-06T10:17:41.177Z"}
{"level":"\u001b[32minfo\u001b[39m","message":"{\"method\":\"POST\",\"url\":\"/api/v1/donations/\",\"status\":\"500\",\"responseTime\":\"46.774\"}","timestamp":"2025-02-06T10:17:43.944Z"}
{"level":"\u001b[32minfo\u001b[39m","message":"{\"method\":\"POST\",\"url\":\"/api/v1/donations/\",\"status\":\"500\",\"responseTime\":\"44.099\"}","timestamp":"2025-02-06T10:19:08.161Z"}
{"level":"\u001b[32minfo\u001b[39m","message":"{\"method\":\"POST\",\"url\":\"/api/v1/donations/\",\"status\":\"500\",\"responseTime\":\"51.690\"}","timestamp":"2025-02-06T10:19:49.655Z"}
{"level":"\u001b[32minfo\u001b[39m","message":"{\"method\":\"POST\",\"url\":\"/api/v1/donations/\",\"status\":\"500\",\"responseTime\":\"53.097\"}","timestamp":"2025-02-06T10:20:09.977Z"}
{"level":"\u001b[32minfo\u001b[39m","message":"{\"method\":\"POST\",\"url\":\"/api/v1/donations/\",\"status\":\"500\",\"responseTime\":\"45.869\"}","timestamp":"2025-02-06T10:20:26.108Z"}
{"level":"\u001b[32minfo\u001b[39m","message":"{\"method\":\"POST\",\"url\":\"/api/v1/users/register\",\"status\":\"201\",\"responseTime\":\"2861.892\"}","timestamp":"2025-02-06T10:22:54.787Z"}
{"level":"\u001b[32minfo\u001b[39m","message":"{\"method\":\"POST\",\"url\":\"/api/v1/donations/\",\"status\":\"500\",\"responseTime\":\"52.740\"}","timestamp":"2025-02-06T10:23:11.352Z"}
{"level":"\u001b[32minfo\u001b[39m","message":"{\"method\":\"POST\",\"url\":\"/api/v1/users/verify-otp\",\"status\":\"200\",\"responseTime\":\"335.026\"}","timestamp":"2025-02-06T10:23:49.983Z"}
{"level":"\u001b[32minfo\u001b[39m","message":"{\"method\":\"GET\",\"url\":\"/api/v1/donations/\",\"status\":\"200\",\"responseTime\":\"222.569\"}","timestamp":"2025-02-06T10:23:50.460Z"}
{"level":"\u001b[32minfo\u001b[39m","message":"{\"method\":\"GET\",\"url\":\"/api/v1/donations/\",\"status\":\"200\",\"responseTime\":\"331.083\"}","timestamp":"2025-02-06T10:23:50.573Z"}
{"level":"\u001b[32minfo\u001b[39m","message":"{\"method\":\"GET\",\"url\":\"/api/v1/requests/\",\"status\":\"200\",\"responseTime\":\"342.175\"}","timestamp":"2025-02-06T10:23:50.583Z"}
{"level":"\u001b[32minfo\u001b[39m","message":"{\"method\":\"GET\",\"url\":\"/uploads/donations/images.jpg\",\"status\":\"200\",\"responseTime\":\"1.826\"}","timestamp":"2025-02-06T10:23:50.613Z"}
{"level":"\u001b[32minfo\u001b[39m","message":"{\"method\":\"GET\",\"url\":\"/api/v1/requests/\",\"status\":\"200\",\"responseTime\":\"460.733\"}","timestamp":"2025-02-06T10:23:50.704Z"}
{"level":"\u001b[32minfo\u001b[39m","message":"{\"method\":\"POST\",\"url\":\"/api/v1/anti-waste/create\",\"status\":\"400\",\"responseTime\":\"96.651\"}","timestamp":"2025-02-06T10:24:44.366Z"}
{"level":"\u001b[32minfo\u001b[39m","message":"{\"method\":\"GET\",\"url\":\"/uploads/donation/images.jpg\",\"status\":\"404\",\"responseTime\":\"1.492\"}","timestamp":"2025-02-06T10:25:46.892Z"}
{"level":"\u001b[32minfo\u001b[39m","message":"{\"method\":\"GET\",\"url\":\"/uploads/donation/ebd4c2fc-03ed-4c94-bab8-b379f0f40e093817042340512817311.jpg\",\"status\":\"404\",\"responseTime\":\"0.828\"}","timestamp":"2025-02-06T10:25:46.895Z"}
{"level":"\u001b[32minfo\u001b[39m","message":"{\"method\":\"POST\",\"url\":\"/api/v1/donations/\",\"status\":\"500\",\"responseTime\":\"43.836\"}","timestamp":"2025-02-06T10:26:25.308Z"}
{"level":"\u001b[32minfo\u001b[39m","message":"{\"method\":\"GET\",\"url\":\"/api/v1/profile/me\",\"status\":\"200\",\"responseTime\":\"86.124\"}","timestamp":"2025-02-06T10:26:28.290Z"}
{"level":"\u001b[32minfo\u001b[39m","message":"{\"method\":\"GET\",\"url\":\"/api/v1/profile/me\",\"status\":\"200\",\"responseTime\":\"88.047\"}","timestamp":"2025-02-06T10:26:28.294Z"}
{"level":"\u001b[32minfo\u001b[39m","message":"Category: Object Subcategory: Game","timestamp":"2025-02-06T10:26:38.774Z"}
{"level":"\u001b[32minfo\u001b[39m","message":"{\"method\":\"POST\",\"url\":\"/api/v1/donations/\",\"status\":\"201\",\"responseTime\":\"431.132\"}","timestamp":"2025-02-06T10:26:39.113Z"}
{"level":"\u001b[32minfo\u001b[39m","message":"{\"method\":\"POST\",\"url\":\"/api/v1/anti-waste/create\",\"status\":\"201\",\"responseTime\":\"247.369\"}","timestamp":"2025-02-06T10:30:25.895Z"}
