[0mPOST /api/v1/auth/login [32m200[0m 574.477 ms - 435[0m
[0mPOST /api/v1/auth/login [32m200[0m 668.500 ms - 435[0m
[0mGET /api/v1/users/ [32m200[0m 70.933 ms - 782[0m
[0mPOST /api/v1/users/register [32m201[0m 5089.688 ms - 212[0m
[0mPOST /api/v1/users/verify-otp [32m200[0m 689.115 ms - 421[0m
[0mPOST /api/v1/auth/login [32m200[0m 585.949 ms - 430[0m
[0mPOST /api/v1/reviews/ [32m201[0m 236.328 ms - 304[0m
[0mPOST /api/v1/reviews/ [32m201[0m 211.055 ms - 298[0m
[0mDELETE /api/v1/reviews/679b5b2e5a2d13fb56824889 [32m200[0m 133.979 ms - 73[0m
[0mPOST /api/v1/auth/login [32m200[0m 588.265 ms - 435[0m
[0mPOST /api/v1/notifications/send-notification/6799a9938102c13ae0a6c690 [33m404[0m 98.382 ms - 521[0m
[0mPOST /api/v1/notifications/send-notification [32m200[0m 180.385 ms - 121[0m
[0mGET /api/v1/notifications/ [33m404[0m 89.065 ms - 540[0m
[0mPOST /api/v1/auth/login [32m200[0m 513.932 ms - 435[0m
[0mPOST /api/v1//auth/login [32m200[0m 254.355 ms - 435[0m
[0mPOST /api/v1//auth/login [32m200[0m 245.048 ms - 435[0m
[0mPOST /api/v1//auth/login [32m200[0m 244.559 ms - 435[0m
[0mPOST /api/v1/auth/logout [33m400[0m 129.909 ms - 479[0m
[0mPOST /api/v1/auth/login [32m200[0m 252.966 ms - 435[0m
[0mPOST /api/v1/auth/logout [33m400[0m 107.606 ms - 479[0m
[0mPOST /api/v1//auth/login [32m200[0m 244.490 ms - 435[0m
[0mPOST /api/v1/auth/logout [33m400[0m 100.367 ms - 479[0m
[0mGET /api/v1/users/ [32m200[0m 65.335 ms - 1063[0m
[0mGET /api/v1/users/me [33m401[0m 4.582 ms - 1278[0m
[0mGET /api/v1/users/me [32m200[0m 101.149 ms - 434[0m
[0mPOST /api/v1//auth/login [32m200[0m 254.859 ms - 435[0m
[0mPOST /api/v1//auth/login [32m200[0m 252.182 ms - 435[0m
[0mPOST /api/v1//auth/login [32m200[0m 250.912 ms - 435[0m
[0mPOST /api/v1//auth/login [33m400[0m 251.937 ms - 458[0m
[0mPOST /api/v1//auth/login [32m200[0m 240.501 ms - 435[0m
[0mPOST /api/v1//auth/login [32m200[0m 244.388 ms - 435[0m
[0mPOST /api/v1//auth/login [33m400[0m 4.932 ms - 812[0m
[0mPOST /api/v1//auth/login [33m400[0m 251.356 ms - 458[0m
[0mPOST /api/v1//auth/login [33m400[0m 248.469 ms - 458[0m
[0mPOST /api/v1//auth/login [32m200[0m 249.392 ms - 435[0m
[0mPOST /api/v1/auth/login [32m200[0m 243.581 ms - 435[0m
[0mGET /api/v1/users/me [32m200[0m 104.797 ms - 434[0m
[0mPOST /api/v1/auth/login [32m200[0m 563.505 ms - 435[0m
[0mGET /api/v1/users/me [32m200[0m 132.885 ms - 434[0m
[0mPOST /api/v1//auth/login [32m200[0m 338.895 ms - 435[0m
[0mPOST /api/v1//auth/login [32m200[0m 325.809 ms - 435[0m
[0mGET /api/v1//users/me [32m200[0m 127.882 ms - 434[0m
[0mGET /api/v1//users/me [32m200[0m 130.128 ms - 434[0m
[0mGET /api/v1//users/me [32m200[0m 130.978 ms - 434[0m
[0mGET /api/v1//users/me [32m200[0m 129.817 ms - 434[0m
[0mPOST /api/v1//auth/login [32m200[0m 322.029 ms - 435[0m
[0mGET /api/v1//users/me [32m200[0m 123.240 ms - 434[0m
[0mGET /api/v1//users/me [32m200[0m 126.655 ms - 434[0m
[0mGET /api/v1//users/me [32m200[0m 125.006 ms - 434[0m
[0mGET /api/v1//users/me [32m200[0m 128.163 ms - 434[0m
[0mGET /api/v1//users/me [32m200[0m 126.497 ms - 434[0m
[0mGET /api/v1//users/me [32m200[0m 124.279 ms - 434[0m
[0mGET /api/v1//users/me [32m200[0m 131.459 ms - 434[0m
[0mPOST /api/v1//auth/login [32m200[0m 265.100 ms - 435[0m
[0mGET /api/v1//users/me [32m200[0m 133.027 ms - 434[0m
[0mPOST /api/v1//auth/login [32m200[0m 272.753 ms - 435[0m
[0mGET /api/v1//users/me [32m200[0m 119.953 ms - 434[0m
[0mGET /api/v1//users/me [32m200[0m 124.261 ms - 434[0m
[0mGET /api/v1//users/me [32m200[0m 125.445 ms - 434[0m
[0mGET /api/v1//users/me [32m200[0m 118.159 ms - 434[0m
[0mGET /api/v1//users/me [32m200[0m 145.352 ms - 434[0m
[0mGET /api/v1//users/me [32m200[0m 118.414 ms - 434[0m
[0mGET /api/v1//users/me [32m200[0m 1193.635 ms - 434[0m
[0mGET /api/v1//users/me [32m200[0m 123.781 ms - 434[0m
[0mGET /api/v1//users/me [32m200[0m 123.706 ms - 434[0m
[0mGET /api/v1//users/me [32m200[0m 124.450 ms - 434[0m
[0mGET /api/v1//users/me [32m200[0m 129.873 ms - 434[0m
[0mGET /api/v1//users/me [32m200[0m 123.456 ms - 434[0m
[0mGET /api/v1//users/me [32m200[0m 122.583 ms - 434[0m
[0mGET /api/v1//users/me [32m200[0m 125.704 ms - 434[0m
[0mGET /api/v1//users/me [32m200[0m 126.662 ms - 434[0m
[0mGET /api/v1//users/me [32m200[0m 125.841 ms - 434[0m
[0mGET /api/v1//users/me [32m200[0m 124.662 ms - 434[0m
[0mGET /api/v1//users/me [32m200[0m 129.979 ms - 434[0m
[0mGET /api/v1//users/me [32m200[0m 123.633 ms - 434[0m
[0mGET /api/v1//users/me [32m200[0m 125.269 ms - 434[0m
[0mGET /api/v1//users/me [32m200[0m 123.374 ms - 434[0m
[0mGET /api/v1//users/me [32m200[0m 127.420 ms - 434[0m
[0mGET /api/v1//users/me [32m200[0m 129.749 ms - 434[0m
[0mGET /api/v1//users/me [32m200[0m 125.701 ms - 434[0m
[0mGET /api/v1//users/me [32m200[0m 123.568 ms - 434[0m
[0mGET /api/v1//users/me [32m200[0m 872.864 ms - 434[0m
[0mPOST /api/v1/users/register [33m409[0m 313.686 ms - 506[0m
[0mGET /api/v1//users/me [32m200[0m 330.347 ms - 434[0m
[0mPOST /api/v1//auth/login [33m400[0m 309.424 ms - 458[0m
[0mPOST /api/v1//auth/login [33m400[0m 304.661 ms - 458[0m
[0mPOST /api/v1//auth/login [32m200[0m 316.919 ms - 435[0m
[0mGET /api/v1//users/me [32m200[0m 97.048 ms - 434[0m
[0mGET /api/v1//users/me [32m200[0m 93.793 ms - 434[0m
[0mGET /api/v1//users/me [32m200[0m 99.348 ms - 434[0m
[0mGET /api/v1//users/me [32m200[0m 99.441 ms - 434[0m
[0mGET /api/v1//users/me [32m200[0m 100.652 ms - 434[0m
[0mGET /api/v1//users/me [32m200[0m 95.298 ms - 434[0m
[0mGET /api/v1//users/me [32m200[0m 95.566 ms - 434[0m
[0mPOST /api/v1/users/register [32m201[0m 4156.630 ms - 214[0m
[0mPOST /api/v1/users/forgot-password [32m200[0m 2833.176 ms - 67[0m
[0mPOST /api/v1//users/forgot-password [33m400[0m 4.397 ms - 812[0m
[0mPOST /api/v1//users/forgot-password [33m400[0m 0.862 ms - 812[0m
[0mPOST /api/v1//users/forgot-password [33m400[0m 0.803 ms - 812[0m
[0mPOST /api/v1//users/forgot-password [33m400[0m 3.043 ms - 812[0m
[0mPOST /api/v1//users/forgot-password [32m200[0m 3769.260 ms - 67[0m
[0mGET /api/v1/users/me [32m200[0m 126.027 ms - 434[0m
[0mPOST /api/v1//users/forgot-password [32m200[0m 3845.831 ms - 67[0m
[0mPOST /api/v1//auth/login [32m200[0m 268.805 ms - 435[0m
[0mGET /api/v1//users/me [32m200[0m 127.872 ms - 434[0m
[0mPOST /api/v1/auth/logout [33m400[0m 132.856 ms - 479[0m
[0mPOST /api/v1/auth/login [32m200[0m 251.618 ms - 435[0m
[0mGET /api/v1/users/me [32m200[0m 127.106 ms - 434[0m
[0mGET /api/v1/users/me [32m200[0m 115.361 ms - 434[0m
[0mPOST /api/v1/auth/login [32m200[0m 255.333 ms - 435[0m
[0mGET /api/v1/users/me [32m200[0m 107.032 ms - 434[0m
[0mPOST /api/v1/auth/login [32m200[0m 334.914 ms - 435[0m
[0mGET /api/v1/users/me [32m200[0m 145.361 ms - 434[0m
[0mPUT /api/v1/users/update-profile [32m200[0m 431.350 ms - 407[0m
[0mPOST /api/v1//users/forgot-password [32m200[0m 4076.188 ms - 67[0m
[0mPUT /api/v1/users/update-profile [32m200[0m 397.780 ms - 397[0m
[0mGET /api/v1/users/me [32m200[0m 125.134 ms - 424[0m
[0mPOST /api/v1//auth/login [32m200[0m 305.641 ms - 435[0m
[0mPOST /api/v1//auth/login [32m200[0m 329.562 ms - 435[0m
[0mPOST /api/v1//auth/login [32m200[0m 304.839 ms - 435[0m
[0mPOST /api/v1//auth/login [32m200[0m 294.418 ms - 435[0m
[0mPOST /api/v1//auth/login [32m200[0m 323.732 ms - 435[0m
[0mPOST /api/v1//auth/login [32m200[0m 341.186 ms - 435[0m
[0mPOST /api/v1//auth/login [32m200[0m 321.164 ms - 435[0m
[0mGET /api/v1//users/me [32m200[0m 128.272 ms - 424[0m
[0mGET /uploads/bg_main.jpg [33m404[0m 1.572 ms - 130[0m
[0mGET /uploads/bg_main.jpg [33m404[0m 0.695 ms - 130[0m
[0mPOST /api/v1/users/register [32m201[0m 4734.833 ms - 215[0m
[0mPOST /api/v1//users/forgot-password [33m400[0m 82.671 ms - 444[0m
[0mPOST /api/v1/users/register [33m409[0m 307.092 ms - 506[0m
[0mPOST /api/v1/users/register [32m201[0m 5886.069 ms - 214[0m
[0mPOST /api/v1/users/verify-otp [32m200[0m 442.093 ms - 426[0m
[0mPOST /api/v1/users/register [32m201[0m 4427.921 ms - 213[0m
[0mPOST /api/v1/users/verify-otp [32m200[0m 357.441 ms - 423[0m
[0mPOST /api/v1//auth/login [32m200[0m 325.544 ms - 433[0m
[0mGET /api/v1//users/me [32m200[0m 99.656 ms - 370[0m
[0mPOST /api/v1/auth/login [32m200[0m 266.021 ms - 435[0m
[0mPOST /api/v1/donations/ [33m404[0m 0.669 ms - 128[0m
[0mPOST /api/v1/donations/ [33m401[0m 8.052 ms - 1278[0m
[0mPOST /api/v1/donations/ [33m400[0m 80.985 ms - 3504[0m
[0mPOST /api/v1/users/register [33m409[0m 313.127 ms - 506[0m
[0mPOST /api/v1/users/register [32m201[0m 4971.385 ms - 212[0m
[0mPOST /api/v1/users/register [33m400[0m 1011.309 ms - 4824[0m
[0mPOST /api/v1/users/register [32m201[0m 3640.604 ms - 214[0m
[0mGET /api/v1/profile/me [31m500[0m 8.904 ms - 1252[0m
[0mPOST /api/v1//users/register [32m201[0m 4045.867 ms - 239[0m
[0mPOST /api/v1/auth/login [32m200[0m 312.008 ms - 435[0m
[0mPOST /api/v1/auth/login [32m200[0m 258.745 ms - 462[0m
[0mGET /api/v1/profile/me [32m200[0m 113.988 ms - 369[0m
[0mPOST /api/v1/auth/login [32m200[0m 570.919 ms - 462[0m
[0mPOST /api/v1/auth/login [32m200[0m 268.606 ms - 483[0m
[0mGET /api/v1/profile/me [32m200[0m 112.540 ms - 368[0m
[0mPUT /api/v1/profile/update [33m400[0m 126.444 ms - 10336[0m
[0mPUT /api/v1/profile/update [33m400[0m 116.488 ms - 10336[0m
[0mPUT /api/v1/profile/update [33m400[0m 128.160 ms - 10336[0m
[0mPUT /api/v1/profile/update [32m200[0m 325.007 ms - 329[0m
[0mPUT /api/v1/profile/update [33m400[0m 139.798 ms - 11434[0m
[0mPUT /api/v1/profile/update [33m400[0m 122.500 ms - 11434[0m
[0mPUT /api/v1/profile/update [33m400[0m 130.160 ms - 11434[0m
[0mPUT /api/v1/profile/update [32m200[0m 304.304 ms - 336[0m
[0mPUT /api/v1/profile/update [32m200[0m 352.698 ms - 374[0m
[0mGET /uploads/chair.jpg [33m404[0m 1.753 ms - 128[0m
[0mPUT /api/v1/profile/update [32m200[0m 333.085 ms - 401[0m
[0mPUT /api/v1/profile/update [32m200[0m 315.620 ms - 401[0m
[0mPUT /api/v1/profile/update [32m200[0m 347.654 ms - 401[0m
[0mPUT /api/v1/profile/update [32m200[0m 315.563 ms - 103[0m
[0mPUT /api/v1/profile/update [32m200[0m 301.884 ms - 647[0m
[0mPUT /api/v1/profile/update [31m500[0m 106.491 ms - 565[0m
[0mPUT /api/v1/profile/update [31m500[0m 115.171 ms - 571[0m
[0mPUT /api/v1/profile/update [31m500[0m 110.890 ms - 571[0m
[0mPUT /api/v1/profile/update [31m500[0m 105.328 ms - 571[0m
[0mPUT /api/v1/profile/update [33m400[0m 64.100 ms - 1093[0m
[0mPUT /api/v1/profile/update [31m500[0m 287.971 ms - 1130[0m
[0mPUT /api/v1/profile/update [31m500[0m 55.870 ms - 1130[0m
[0mPUT /api/v1/profile/update [31m500[0m 51.691 ms - 1130[0m
[0mPUT /api/v1/profile/update [31m500[0m 50.182 ms - 1130[0m
[0mPUT /api/v1/profile/update [33m400[0m 71.573 ms - 1093[0m
[0mPUT /api/v1/profile/update [33m400[0m 64.439 ms - 1093[0m
[0mPUT /api/v1/profile/update [0m-[0m - ms - -[0m
[0mPUT /api/v1/profile/update [33m400[0m 53.075 ms - 1093[0m
[0mPUT /api/v1/profile/update [33m400[0m 53.999 ms - 1093[0m
[0mPUT /api/v1/profile/update [33m400[0m 57.347 ms - 1093[0m
[0mPUT /api/v1/profile/update [33m400[0m 51.965 ms - 1093[0m
[0mPUT /api/v1/profile/update [0m-[0m - ms - -[0m
[0mPUT /api/v1/profile/update [33m400[0m 52.850 ms - 1093[0m
[0mPUT /api/v1/profile/update [32m200[0m 325.872 ms - 401[0m
[0mPUT /api/v1/profile/update [32m200[0m 327.431 ms - 401[0m
[0mPUT /api/v1/profile/update [33m400[0m 123.310 ms - 11668[0m
[0mPUT /api/v1/profile/update [31m500[0m 68.516 ms - 1130[0m
[0mPUT /api/v1/profile/update [33m400[0m 124.310 ms - 11668[0m
[0mPUT /api/v1/profile/update [33m400[0m 135.013 ms - 11668[0m
[0mPUT /api/v1/profile/update [33m400[0m 828.069 ms - 11676[0m
[0mPUT /api/v1/profile/update [33m400[0m 127.987 ms - 11676[0m
[0mPUT /api/v1/profile/update [33m400[0m 112.981 ms - 11676[0m
[0mPUT /api/v1/profile/update [33m400[0m 155.969 ms - 11590[0m
[0mPOST /api/v1//users/register [33m409[0m 308.291 ms - 506[0m
[0mPUT /api/v1/profile/update [33m400[0m 123.618 ms - 11590[0m
[0mPUT /api/v1/profile/update [33m400[0m 116.054 ms - 11590[0m
[0mPUT /api/v1/profile/update [33m400[0m 126.014 ms - 11590[0m
[0mPOST /api/v1//users/register [33m409[0m 242.908 ms - 506[0m
[0mPUT /api/v1/profile/update [33m400[0m 138.124 ms - 11618[0m
[0mPUT /api/v1/profile/update [33m400[0m 126.435 ms - 11758[0m
[0mPUT /api/v1/profile/update [33m400[0m 135.712 ms - 11758[0m
[0mPUT /api/v1/profile/update [33m400[0m 136.230 ms - 11618[0m
[0mPUT /api/v1/profile/update [33m400[0m 122.801 ms - 11618[0m
[0mPOST /api/v1//users/register [32m201[0m 3900.812 ms - 237[0m
[0mPUT /api/v1/profile/update [33m400[0m 154.032 ms - 11656[0m
[0mPOST /api/v1//users/register [32m201[0m 4464.671 ms - 240[0m
[0mPUT /api/v1/profile/update [33m400[0m 115.956 ms - 11662[0m
[0mPOST /api/v1//users/forgot-password [33m400[0m 3.483 ms - 812[0m
[0mPUT /api/v1/profile/update [32m200[0m 292.799 ms - 401[0m
[0mPUT /api/v1/profile/update [33m400[0m 138.256 ms - 11554[0m
[0mPOST /api/v1/users/register [32m201[0m 4269.463 ms - 243[0m
[0mPOST /api/v1/users/register [33m409[0m 273.651 ms - 506[0m
[0mPOST /api/v1/users/register [32m201[0m 3623.896 ms - 240[0m
[0mPOST /api/v1/users/register [32m201[0m 3525.394 ms - 259[0m
[0mGET /api/v1//users/me [31m500[0m 7.160 ms - 1252[0m
[0mGET /api/v1//users/me [31m500[0m 1.446 ms - 1252[0m
[0mGET /api/v1//users/me [31m500[0m 1.837 ms - 1252[0m
[0mPOST /api/v1/users/verify-otp [33m400[0m 105.035 ms - 435[0m
[0mPOST /api/v1/users/verify-otp [33m400[0m 99.837 ms - 435[0m
[0mPOST /api/v1/users/verify-otp [33m400[0m 100.387 ms - 435[0m
[0mPOST /api/v1/users/verify-otp [33m400[0m 113.088 ms - 435[0m
[0mGET /api/v1/users/me [31m500[0m 1.151 ms - 1252[0m
[0mPOST /api/v1/users/register [32m201[0m 3406.684 ms - 259[0m
[0mPOST /api/v1/users/verify-otp [33m400[0m 100.273 ms - 435[0m
[0mPOST /api/v1/users/verify-otp [33m400[0m 99.355 ms - 435[0m
[0mPOST /api/v1/users/verify-otp [32m200[0m 400.890 ms - 492[0m
[0mPOST /api/v1//users/register [32m201[0m 3530.940 ms - 256[0m
[0mPOST /api/v1/users/register [32m201[0m 3638.124 ms - 259[0m
[0mPOST /api/v1/users/verify-otp [32m200[0m 371.563 ms - 536[0m
[0mPOST /api/v1/users/register [32m201[0m 3582.626 ms - 259[0m
[0mPOST /api/v1/users/verify-otp [32m200[0m 391.514 ms - 536[0m
[0mPOST /api/v1/auth/login [32m200[0m 502.827 ms - 474[0m
[0mPOST /api/v1/users/verify-otp [33m400[0m 71.577 ms - 444[0m
[0mPOST /api/v1/users/register [33m409[0m 297.093 ms - 506[0m
[0mPOST /api/v1/users/verify-otp [33m400[0m 55.797 ms - 444[0m
[0mPOST /api/v1/users/verify-otp [33m400[0m 118.741 ms - 435[0m
[0mPOST /api/v1//users/register [32m201[0m 4270.270 ms - 260[0m
[0mPOST /api/v1//users/forgot-password [33m400[0m 2.038 ms - 812[0m
[0mPOST /api/v1/users/verify-otp [33m400[0m 108.286 ms - 435[0m
[0mPOST /api/v1/users/verify-otp [33m400[0m 115.555 ms - 435[0m
[0mPOST /api/v1/users/verify-otp [33m400[0m 116.684 ms - 435[0m
[0mPOST /api/v1/users/register [32m201[0m 3823.751 ms - 259[0m
[0mPOST /api/v1/users/verify-otp [32m200[0m 410.402 ms - 536[0m
[0mPOST /api/v1//users/register [32m201[0m 4358.191 ms - 256[0m
[0mPOST /api/v1//auth/login [33m400[0m 281.448 ms - 458[0m
[0mPOST /api/v1/users/register [32m201[0m 3661.403 ms - 259[0m
[0mPOST /api/v1/users/verify-otp [32m200[0m 393.333 ms - 531[0m
[0mGET /api/v1/profile/me [32m200[0m 112.460 ms - 367[0m
[0mPOST /api/v1//users/forgot-password [33m400[0m 68.859 ms - 444[0m
[0mPOST /api/v1//users/forgot-password [33m400[0m 60.659 ms - 444[0m
[0mPOST /api/v1//users/forgot-password [33m400[0m 57.806 ms - 444[0m
[0mPOST /api/v1//users/forgot-password [33m400[0m 57.135 ms - 444[0m
[0mPOST /api/v1//users/forgot-password [33m400[0m 56.930 ms - 444[0m
[0mPUT /api/v1/profile/update [33m400[0m 130.775 ms - 11554[0m
[0mPOST /api/v1//users/register [33m409[0m 308.203 ms - 506[0m
[0mPOST /api/v1//users/forgot-password [33m400[0m 57.656 ms - 444[0m
[0mPUT /api/v1/profile/update [32m200[0m 355.256 ms - 414[0m
[0mPUT /api/v1/profile/update [32m200[0m 376.809 ms - 388[0m
[0mPUT /api/v1/profile/update [32m200[0m 386.504 ms - 413[0m
[0mGET /api/v1/users/me [31m500[0m 13.360 ms - 1252[0m
[0mGET /api/v1/users/me [31m500[0m 7.563 ms - 1252[0m
[0mPOST /api/v1/donations/ [33m400[0m 64.752 ms - 3734[0m
[0mPOST /api/v1/donations/ [33m400[0m 78.782 ms - 3824[0m
[0mPOST /api/v1/donations/ [33m400[0m 77.137 ms - 3824[0m
[0mPOST /api/v1/donations/ [33m400[0m 76.210 ms - 2500[0m
[0mPOST /api/v1/donations/ [33m400[0m 85.786 ms - 2398[0m
[0mPOST /api/v1/donations/ [33m400[0m 80.302 ms - 2518[0m
[0mPOST /api/v1/donations/ [33m400[0m 67.992 ms - 2410[0m
[0mPOST /api/v1/donations/ [33m400[0m 79.072 ms - 2518[0m
[0mPOST /api/v1/donations/ [33m400[0m 73.829 ms - 2518[0m
[0mPOST /api/v1/donations/ [33m400[0m 70.439 ms - 2500[0m
[0mPOST /api/v1/donations/ [33m400[0m 88.305 ms - 2500[0m
[0mPOST /api/v1/donations/ [33m400[0m 159.757 ms - 3824[0m
[0mPOST /api/v1/donations/ [33m400[0m 467.789 ms - 3712[0m
[0mPOST /api/v1/donations/ [33m400[0m 159.065 ms - 3726[0m
[0mPOST /api/v1/donations/ [33m400[0m 120.107 ms - 3756[0m
[0mPOST /api/v1/donations/ [33m400[0m 128.166 ms - 3734[0m
[0mPOST /api/v1/donations/ [32m201[0m 279.526 ms - 364[0m
[0mGET /api/v1/users/me [31m500[0m 14.850 ms - 1252[0m
[0mPOST /api/v1/auth/login [33m400[0m 62.463 ms - 443[0m
[0mPOST /api/v1/auth/login [32m200[0m 307.975 ms - 472[0m
[0mGET /api/v1/users/me [33m400[0m 88.335 ms - 1333[0m
[0mPOST /api/v1//users/register [32m201[0m 4470.538 ms - 260[0m
[0mPOST /api/v1//users/forgot-password [33m400[0m 4.362 ms - 812[0m
[0mPOST /api/v1//users/forgot-password [33m400[0m 2.755 ms - 812[0m
[0mPOST /api/v1//users/forgot-password [33m400[0m 0.725 ms - 812[0m
[0mPOST /api/v1//users/register [33m409[0m 300.486 ms - 506[0m
[0mPOST /api/v1//users/forgot-password [33m400[0m 51.968 ms - 444[0m
[0mGET /api/v1/users/me [33m400[0m 58.869 ms - 1333[0m
[0mPOST /api/v1//users/register [32m201[0m 4217.130 ms - 261[0m
[0mPOST /api/v1//users/forgot-password [33m400[0m 51.038 ms - 444[0m
[0mPOST /api/v1/users/verify-otp [32m200[0m 375.617 ms - 532[0m
[0mGET /api/v1//users/forgot-password [33m401[0m 2.942 ms - 1278[0m
[0mPOST /api/v1//users/register [32m201[0m 4301.656 ms - 257[0m
[0mPOST /api/v1//users/forgot-password [33m400[0m 49.566 ms - 444[0m
[0mPOST /api/v1//users/register [32m201[0m 4015.260 ms - 261[0m
[0mPOST /api/v1//users/forgot-password [33m400[0m 53.034 ms - 444[0m
[0mPOST /api/v1//users/verify-otp [33m400[0m 108.521 ms - 435[0m
[0mPOST /api/v1//users/verify-otp [33m400[0m 98.672 ms - 435[0m
[0mPOST /api/v1/users/verify-otp [33m400[0m 98.406 ms - 435[0m
[0mPOST /api/v1//users/verify-otp [33m400[0m 102.988 ms - 447[0m
[0mPOST /api/v1/users/register [32m201[0m 3521.546 ms - 259[0m
[0mPOST /api/v1/users/forgot-password [33m400[0m 49.679 ms - 444[0m
[0mPOST /api/v1/users/forgot-password [33m400[0m 48.949 ms - 444[0m
[0mPOST /api/v1/users/forgot-password [33m400[0m 49.089 ms - 444[0m
[0mPOST /api/v1/users/forgot-password [33m400[0m 49.681 ms - 444[0m
[0mPOST /api/v1/users/forgot-password [33m400[0m 50.824 ms - 444[0m
[0mPOST /api/v1/users/forgot-password [33m400[0m 50.330 ms - 444[0m
[0mPOST /api/v1//users/verify-otp [32m200[0m 392.211 ms - 535[0m
[0mPOST /api/v1/users/verify-otp [33m400[0m 101.017 ms - 435[0m
[0mPOST /api/v1//users/verify-otp [33m400[0m 100.239 ms - 435[0m
[0mPOST /api/v1//users/register [32m201[0m 4210.667 ms - 256[0m
[0mPOST /api/v1//users/verify-otp [32m200[0m 353.060 ms - 527[0m
[0mPOST /api/v1//auth/login [32m200[0m 304.837 ms - 478[0m
[0mGET /api/v1/users/me [33m400[0m 55.966 ms - 1333[0m
[0mGET /api/v1//users/me [33m400[0m 60.148 ms - 1333[0m
[0mGET /api/v1//users/me [33m400[0m 58.764 ms - 1333[0m
[0mGET /api/v1//users/me [33m400[0m 56.548 ms - 1333[0m
[0mGET /api/v1//users/me [33m400[0m 51.552 ms - 1333[0m
[0mGET /api/v1//users/me [33m400[0m 57.287 ms - 1333[0m
[0mGET /api/v1//users/me [33m400[0m 64.628 ms - 1333[0m
[0mGET /api/v1//users/me [33m400[0m 56.476 ms - 1333[0m
[0mGET /api/v1//users/me [33m400[0m 52.990 ms - 1333[0m
[0mGET /api/v1//users/me [33m400[0m 58.251 ms - 1333[0m
[0mGET /api/v1//users/me [33m400[0m 76.795 ms - 1333[0m
[0mGET /api/v1//users/me [33m400[0m 52.178 ms - 1333[0m
[0mGET /api/v1//users/me [33m400[0m 55.051 ms - 1333[0m
[0mGET /api/v1//users/me [33m400[0m 55.093 ms - 1333[0m
[0mPOST /api/v1//auth/login [32m200[0m 313.382 ms - 478[0m
[0mGET /api/v1//users/me [33m400[0m 52.790 ms - 1333[0m
[0mGET /api/v1//users/me [33m400[0m 54.323 ms - 1333[0m
[0mGET /api/v1//users/me [33m400[0m 57.260 ms - 1333[0m
[0mGET /api/v1//users/me [33m400[0m 56.167 ms - 1333[0m
[0mGET /api/v1//users/me [33m400[0m 55.945 ms - 1333[0m
[0mGET /api/v1//users/me [33m400[0m 52.628 ms - 1333[0m
[0mGET /api/v1//users/me [33m400[0m 51.149 ms - 1333[0m
[0mGET /api/v1//users/me [33m400[0m 53.439 ms - 1333[0m
[0mGET /api/v1notifications/ [33m404[0m 0.268 ms - 131[0m
[0mGET /api/v1/notifications/ [33m401[0m 0.934 ms - 1278[0m
[0mPOST /api/v1/auth/login [32m200[0m 303.084 ms - 483[0m
[0mGET /api/v1/users/ [32m200[0m 53.863 ms - 2815[0m
[0mGET /uploads/uploads/logo.png [33m404[0m 1.211 ms - 135[0m
[0mGET /api/v1//users/me [33m400[0m 57.154 ms - 1333[0m
[0mGET /api/v1//users/me [33m400[0m 66.439 ms - 1333[0m
[0mPOST /api/v1//auth/login [33m400[0m 52.892 ms - 443[0m
[0mPOST /api/v1//auth/login [33m400[0m 52.354 ms - 443[0m
[0mPOST /api/v1//users/register [32m201[0m 4060.041 ms - 257[0m
[0mPOST /api/v1//users/verify-otp [32m200[0m 360.842 ms - 526[0m
[0mPOST /api/v1//auth/login [33m400[0m 312.244 ms - 458[0m
[0mPOST /api/v1//auth/login [33m400[0m 344.773 ms - 458[0m
[0mPOST /api/v1//auth/login [33m400[0m 356.033 ms - 458[0m
[0mPOST /api/v1//auth/login [33m400[0m 297.356 ms - 458[0m
[0mPOST /api/v1//auth/login [33m400[0m 316.928 ms - 458[0m
[0mPOST /api/v1//users/register [32m201[0m 3899.517 ms - 259[0m
[0mPOST /api/v1//users/verify-otp [32m200[0m 363.831 ms - 531[0m
[0mPOST /api/v1//auth/login [33m400[0m 335.587 ms - 458[0m
[0mPOST /api/v1//auth/login [32m200[0m 290.793 ms - 482[0m
[0mGET /api/v1//users/me [33m400[0m 56.846 ms - 1333[0m
[0mGET /api/v1/donations/ [32m200[0m 50.504 ms - 87[0m
[0mGET /api/v1/donations/:id [33m400[0m 4.739 ms - 1386[0m
[0mGET /api/v1/profile/me [32m200[0m 104.619 ms - 406[0m
[0mPOST /api/v1//auth/login [33m400[0m 298.284 ms - 458[0m
[0mPOST /api/v1//auth/login [33m400[0m 310.601 ms - 458[0m
[0mPOST /api/v1//auth/login [32m200[0m 287.647 ms - 478[0m
[0mGET /api/v1//users/me [33m400[0m 62.273 ms - 1333[0m
[0mGET /api/v1//users/me [33m400[0m 49.924 ms - 1333[0m
[0mGET /api/v1//users/me [33m400[0m 51.720 ms - 1333[0m
[0mGET /api/v1//users/me [33m400[0m 53.486 ms - 1333[0m
[0mGET /api/v1//users/me [33m400[0m 54.672 ms - 1333[0m
[0mGET /api/v1//users/me [33m400[0m 57.433 ms - 1333[0m
[0mGET /api/v1//users/me [33m400[0m 56.199 ms - 1333[0m
[0mGET /api/v1//users/me [33m400[0m 54.065 ms - 1333[0m
[0mGET /api/v1//users/me [33m400[0m 55.662 ms - 1333[0m
[0mGET /api/v1//users/me [33m400[0m 61.790 ms - 1333[0m
[0mGET /api/v1//users/me [33m400[0m 55.253 ms - 1333[0m
[0mGET /api/v1//users/me [33m400[0m 59.475 ms - 1333[0m
[0mGET /api/v1//users/me [33m400[0m 53.004 ms - 1333[0m
[0mGET /api/v1//users/me [33m400[0m 54.562 ms - 1333[0m
[0mGET /api/v1//users/me [33m400[0m 55.975 ms - 1333[0m
[0mGET /api/v1//users/me [33m400[0m 52.809 ms - 1333[0m
[0mGET /api/v1//users/me [33m400[0m 57.312 ms - 1333[0m
[0mPOST /api/v1//users/register [31m500[0m 3050.881 ms - 1691[0m
[0mPOST /api/v1//auth/login [33m400[0m 346.513 ms - 458[0m
[0mPOST /api/v1//auth/login [33m400[0m 339.884 ms - 458[0m
[0mPOST /api/v1/auth/login [33m400[0m 0.823 ms - 812[0m
[0mPOST /api/v1/auth/login [33m400[0m 1.883 ms - 812[0m
[0mPOST /api/v1/auth/login [33m400[0m 302.438 ms - 458[0m
[0mPOST /api/v1/auth/login [33m400[0m 315.273 ms - 458[0m
[0mPOST /api/v1/auth/login [33m400[0m 328.232 ms - 458[0m
[0mPOST /api/v1/auth/login [33m400[0m 285.632 ms - 458[0m
[0mPOST /api/v1/auth/login [33m400[0m 52.723 ms - 443[0m
[0mPOST /api/v1/auth/login [33m400[0m 305.716 ms - 458[0m
[0mPOST /api/v1/auth/login [32m200[0m 357.661 ms - 478[0m
[0mPOST /api/v1/auth/login [33m400[0m 352.302 ms - 458[0m
[0mPOST /api/v1/auth/login [32m200[0m 296.635 ms - 482[0m
[0mPOST /api/v1/auth/login [32m200[0m 321.431 ms - 482[0m
[0mPOST /api/v1/auth/login [32m200[0m 572.875 ms - 482[0m
[0mPOST /api/v1//auth/login [32m200[0m 272.709 ms - 502[0m
[0mGET /api/v1//users/me [33m400[0m 67.652 ms - 1333[0m
[0mPOST /api/v1/auth/login [32m200[0m 471.297 ms - 502[0m
[0mGET /api/v1//users/me [33m400[0m 51.691 ms - 1333[0m
[0mPOST /api/v1/auth/login [32m200[0m 256.850 ms - 502[0m
[0mGET /api/v1//users/me [33m400[0m 56.300 ms - 1333[0m
[0mPOST /api/v1//auth/login [32m200[0m 312.583 ms - 502[0m
[0mGET /api/v1//users/me [33m400[0m 61.490 ms - 1333[0m
[0mGET /api/v1//users/me [33m400[0m 55.667 ms - 1333[0m
[0mGET /api/v1//users/me [33m400[0m 55.350 ms - 1333[0m
[0mGET /api/v1//users/me [33m400[0m 61.716 ms - 1333[0m
[0mGET /api/v1//users/me [33m400[0m 61.510 ms - 1333[0m
[0mGET /api/v1//users/me [33m400[0m 55.269 ms - 1333[0m
[0mGET /api/v1//users/me [33m400[0m 60.617 ms - 1333[0m
[0mGET /api/v1//users/me [33m400[0m 62.085 ms - 1333[0m
[0mGET /api/v1//users/me [33m400[0m 56.598 ms - 1333[0m
[0mGET /api/v1//users/me [33m400[0m 51.938 ms - 1333[0m
[0mGET /api/v1//users/me [33m400[0m 52.331 ms - 1333[0m
[0mGET /api/v1//users/me [33m400[0m 51.812 ms - 1333[0m
[0mGET /api/v1//users/me [33m400[0m 57.166 ms - 1333[0m
[0mGET /api/v1//users/me [33m400[0m 51.759 ms - 1333[0m
[0mGET /api/v1//users/me [33m400[0m 56.316 ms - 1333[0m
[0mGET /api/v1//users/me [33m400[0m 57.628 ms - 1333[0m
[0mGET /api/v1//users/me [33m400[0m 53.725 ms - 1333[0m
[0mGET /api/v1//users/me [33m400[0m 54.335 ms - 1333[0m
[0mGET /api/v1//users/me [33m400[0m 50.953 ms - 1333[0m
[0mGET /api/v1//users/me [33m400[0m 57.028 ms - 1333[0m
[0mGET /api/v1//users/me [33m400[0m 49.797 ms - 1333[0m
[0mGET /api/v1//users/me [33m400[0m 59.783 ms - 1333[0m
[0mGET /api/v1//users/me [33m400[0m 51.654 ms - 1333[0m
[0mGET /api/v1//users/me [33m400[0m 56.589 ms - 1333[0m
[0mGET /api/v1//users/me [33m400[0m 57.768 ms - 1333[0m
[0mGET /api/v1//users/me [33m400[0m 58.490 ms - 1333[0m
[0mPOST /api/v1//auth/login [32m200[0m 294.364 ms - 502[0m
[0mGET /api/v1//users/me [33m400[0m 56.193 ms - 1333[0m
[0mGET /api/v1//users/me [33m400[0m 58.340 ms - 1333[0m
[0mGET /api/v1//users/me [33m400[0m 58.314 ms - 1333[0m
[0mGET /api/v1//users/me [33m400[0m 53.553 ms - 1333[0m
[0mGET /api/v1//users/me [33m400[0m 57.874 ms - 1333[0m
[0mGET /api/v1//users/me [33m400[0m 51.602 ms - 1333[0m
[0mGET /api/v1//users/me [33m400[0m 49.857 ms - 1333[0m
[0mGET /api/v1//users/me [33m400[0m 61.049 ms - 1333[0m
[0mPOST /api/v1//auth/login [33m400[0m 307.651 ms - 458[0m
[0mPOST /api/v1//auth/login [32m200[0m 296.213 ms - 478[0m
[0mGET /api/v1//users/me [33m400[0m 54.111 ms - 1333[0m
[0mGET /api/v1//users/me [33m400[0m 57.113 ms - 1333[0m
[0mPOST /api/v1//auth/login [32m200[0m 305.125 ms - 478[0m
[0mGET /api/v1//users/me [33m400[0m 51.981 ms - 1333[0m
[0mGET /api/v1//users/me [33m400[0m 53.312 ms - 1333[0m
[0mGET /api/v1//users/me [33m400[0m 52.907 ms - 1333[0m
[0mGET /api/v1//users/me [33m400[0m 60.601 ms - 1333[0m
[0mGET /api/v1//users/me [33m400[0m 57.060 ms - 1333[0m
[0mGET /api/v1//users/me [33m400[0m 59.999 ms - 1333[0m
[0mGET /api/v1//users/me [33m400[0m 58.939 ms - 1333[0m
[0mGET /api/v1//users/me [33m400[0m 54.564 ms - 1333[0m
[0mGET /api/v1//users/me [33m400[0m 51.983 ms - 1333[0m
[0mGET /api/v1//users/me [33m400[0m 52.685 ms - 1333[0m
[0mGET /api/v1//users/me [33m400[0m 64.505 ms - 1333[0m
[0mGET /api/v1//users/me [33m400[0m 65.289 ms - 1333[0m
[0mGET /api/v1//users/me [33m400[0m 66.194 ms - 1333[0m
[0mGET /api/v1//users/me [33m400[0m 56.671 ms - 1333[0m
[0mGET /api/v1//users/me [33m400[0m 56.472 ms - 1333[0m
[0mGET /api/v1//users/me [33m400[0m 65.979 ms - 1333[0m
[0mGET /api/v1//users/me [33m400[0m 63.637 ms - 1333[0m
[0mGET /api/v1//users/me [33m400[0m 56.696 ms - 1333[0m
[0mGET /api/v1//users/me [33m400[0m 59.676 ms - 1333[0m
[0mGET /api/v1//users/me [33m400[0m 58.649 ms - 1333[0m
[0mGET /api/v1//users/me [33m400[0m 62.097 ms - 1333[0m
[0mGET /api/v1//users/me [33m400[0m 58.116 ms - 1333[0m
[0mGET /api/v1//users/me [33m400[0m 67.065 ms - 1333[0m
[0mGET /api/v1//users/me [33m400[0m 64.351 ms - 1333[0m
[0mGET /api/v1//users/me [33m400[0m 59.789 ms - 1333[0m
[0mGET /api/v1//users/me [33m400[0m 62.932 ms - 1333[0m
[0mGET /api/v1//users/me [33m400[0m 62.947 ms - 1333[0m
[0mGET /api/v1//users/me [33m400[0m 65.225 ms - 1333[0m
[0mGET /api/v1//users/me [33m400[0m 58.020 ms - 1333[0m
[0mGET /api/v1//users/me [33m400[0m 68.946 ms - 1333[0m
[0mGET /api/v1//users/me [33m400[0m 58.409 ms - 1333[0m
[0mGET /api/v1//users/me [33m400[0m 63.912 ms - 1333[0m
[0mGET /api/v1//users/me [33m400[0m 61.264 ms - 1333[0m
[0mGET /api/v1//users/me [33m400[0m 67.416 ms - 1333[0m
[0mGET /api/v1//users/me [33m400[0m 56.425 ms - 1333[0m
[0mGET /api/v1//users/me [33m400[0m 68.816 ms - 1333[0m
[0mGET /api/v1//users/me [33m400[0m 59.485 ms - 1333[0m
[0mGET /api/v1//users/me [33m400[0m 63.010 ms - 1333[0m
[0mPOST /api/v1//auth/login [32m200[0m 296.776 ms - 478[0m
[0mGET /api/v1//users/me [33m400[0m 57.745 ms - 1333[0m
[0mGET /api/v1//users/me [33m400[0m 61.645 ms - 1333[0m
[0mGET /api/v1//users/me [33m400[0m 65.095 ms - 1333[0m
[0mGET /api/v1/profile/me [33m401[0m 5.133 ms - 1278[0m
[0mGET /api/v1/profile/me [32m200[0m 123.551 ms - 421[0m
[0mPOST /api/v1//auth/login [32m200[0m 253.028 ms - 478[0m
[0mGET /api/v1//users/me [33m400[0m 75.215 ms - 1333[0m
[0mPOST /api/v1/auth/login [32m200[0m 275.337 ms - 502[0m
[0mPOST /api/v1//auth/login [32m200[0m 256.348 ms - 478[0m
[0mGET /api/v1//profile/me [32m200[0m 106.895 ms - 363[0m
[0mGET /api/v1//profile/me [32m200[0m 398.182 ms - 363[0m
[0mPOST /api/v1//auth/login [32m200[0m 270.243 ms - 478[0m
[0mGET /api/v1//profile/me [32m200[0m 108.794 ms - 363[0m
[0mGET /api/v1//profile/me [32m200[0m 114.543 ms - 363[0m
[0mPOST /api/v1/auth/login [32m200[0m 348.220 ms - 481[0m
[0mGET /api/v1//profile/me [32m200[0m 113.033 ms - 363[0m
[0mPOST /api/v1/donations/ [33m401[0m 84.487 ms - 1100[0m
[0mPOST /api/v1//auth/login [32m200[0m 312.147 ms - 478[0m
[0mGET /api/v1//profile/me [32m200[0m 109.700 ms - 363[0m
[0mGET /api/v1//profile/me [32m200[0m 108.395 ms - 363[0m
[0mPOST /api/v1/donations/ [33m401[0m 74.582 ms - 1100[0m
[0mPOST /api/v1/donations/ [33m401[0m 69.183 ms - 1100[0m
[0mPOST /api/v1/donations/ [31m500[0m 70.352 ms - 1262[0m
[0mPOST /api/v1/donations/ [31m500[0m 55.230 ms - 1262[0m
[0mPOST /api/v1/donations/ [31m500[0m 53.667 ms - 1262[0m
[0mPOST /api/v1/donations/ [31m500[0m 55.794 ms - 1262[0m
[0mPOST /api/v1/donations/ [31m500[0m 69.959 ms - 1262[0m
[0mPOST /api/v1/donations/ [31m500[0m 57.783 ms - 1262[0m
[0mPOST /api/v1//auth/login [32m200[0m 308.176 ms - 478[0m
[0mGET /api/v1//profile/me [32m200[0m 113.417 ms - 363[0m
[0mPOST /api/v1/donations/ [31m500[0m 11.200 ms - 1360[0m
[0mPOST /api/v1/donations/ [31m500[0m 2.634 ms - 1360[0m
[0mPOST /api/v1/donations/ [31m500[0m 68.729 ms - 1262[0m
[0mPOST /api/v1/auth/login [32m200[0m 309.608 ms - 481[0m
[0mPOST /api/v1/donations/ [31m500[0m 59.253 ms - 1262[0m
[0mPOST /api/v1/donations/ [33m401[0m 69.606 ms - 1099[0m
[0mPOST /api/v1//auth/login [32m200[0m 250.341 ms - 478[0m
[0mGET /api/v1//profile/me [32m200[0m 100.154 ms - 363[0m
[0mPOST /api/v1//auth/login [33m400[0m 254.103 ms - 458[0m
[0mPOST /api/v1//auth/login [33m400[0m 241.823 ms - 458[0m
[0mPOST /api/v1//auth/login [33m400[0m 257.958 ms - 458[0m
[0mPOST /api/v1//auth/login [33m400[0m 259.210 ms - 458[0m
[0mPOST /api/v1//auth/login [33m400[0m 257.979 ms - 458[0m
[0mPOST /api/v1//auth/login [33m400[0m 263.462 ms - 458[0m
[0mPOST /api/v1//auth/login [33m400[0m 244.750 ms - 458[0m
[0mPOST /api/v1//auth/login [33m400[0m 258.565 ms - 458[0m
[0mPOST /api/v1//auth/login [33m400[0m 260.345 ms - 458[0m
[0mPOST /api/v1//auth/login [33m400[0m 251.809 ms - 458[0m
[0mPOST /api/v1//auth/login [32m200[0m 278.256 ms - 478[0m
[0mGET /api/v1//profile/me [32m200[0m 101.120 ms - 363[0m
[0mPOST /api/v1//auth/login [32m200[0m 481.854 ms - 478[0m
[0mGET /api/v1//profile/me [32m200[0m 100.592 ms - 363[0m
[0mPOST /api/v1/donations/ [33m401[0m 67.208 ms - 1099[0m
[0mPOST /api/v1/donations/ [33m400[0m 660.614 ms - 3858[0m
[0mPOST /api/v1/donations/ [33m400[0m 389.398 ms - 3804[0m
[0mPOST /api/v1/donations/ [33m400[0m 112.368 ms - 3804[0m
[0mPOST /api/v1/donations/ [33m400[0m 112.031 ms - 3804[0m
[0mPOST /api/v1/donations/ [33m400[0m 114.069 ms - 3804[0m
[0mPOST /api/v1/donations/ [32m201[0m 309.810 ms - 364[0m
